<?xml version="1.0" encoding="UTF-8"?>
<!-- Generated by org.testng.reporters.JUnitReportReporter -->
<testsuite hostname="DESKTOP-TAPJUMM" failures="0" tests="1" name="RestAssuredTest2.Validate_HTTP_Response_Status" time="11.937" errors="0" timestamp="2023-03-06T18:35:46 IST" skipped="0">
  <testcase classname="RestAssuredTest2.Validate_HTTP_Response_Status" name="GetSingleUser" time="11.937"/>
  <system-out/>
</testsuite> <!-- RestAssuredTest2.Validate_HTTP_Response_Status -->
