<?xml version="1.0" encoding="UTF-8"?>
<!-- Generated by org.testng.reporters.JUnitReportReporter -->
<testsuite hostname="DESKTOP-TAPJUMM" failures="0" tests="1" name="RestAssuredTest7.SerializationAndDeserialization" time="13.937" errors="0" timestamp="2023-03-21T16:51:47 IST" skipped="0">
  <testcase classname="RestAssuredTest7.SerializationAndDeserialization" name="createJSONObjectFromEmployeeClassObject" time="13.937"/>
  <system-out/>
</testsuite> <!-- RestAssuredTest7.SerializationAndDeserialization -->
