<?xml version="1.0" encoding="UTF-8"?>
<!-- Generated by org.testng.reporters.JUnitReportReporter -->
<testsuite hostname="DESKTOP-TAPJUMM" failures="0" tests="1" name="RestAssuredTest.Modify_post" time="11.695" errors="0" timestamp="2023-03-05T16:53:55 IST" skipped="0">
  <testcase classname="RestAssuredTest.Modify_post" name="testpost" time="11.695"/>
  <system-out/>
</testsuite> <!-- RestAssuredTest.Modify_post -->
