<?xml version="1.0" encoding="UTF-8"?>
<!-- Generated by org.testng.reporters.JUnitReportReporter -->
<testsuite hostname="DESKTOP-TAPJUMM" failures="0" tests="2" name="RestAssuredTest5.JsonObjectUsingJavaMap" time="14.792" errors="0" timestamp="2023-03-20T12:17:15 IST" skipped="1">
  <testcase classname="RestAssuredTest5.JsonObjectUsingJavaMap" name="createUser" time="14.792"/>
  <system-out/>
  <testcase classname="RestAssuredTest5.JsonObjectUsingJavaMap" name="createAuthToken">
    <skipped/>
  </testcase> <!-- createAuthToken -->
  <system-out/>
</testsuite> <!-- RestAssuredTest5.JsonObjectUsingJavaMap -->
