<?xml version="1.0" encoding="UTF-8"?>
<!-- Generated by org.testng.reporters.JUnitReportReporter -->
<testsuite hostname="DESKTOP-TAPJUMM" failures="0" tests="4" name="RestAssuredTest6.OwnAPITesting" time="6.931" errors="0" timestamp="2023-03-21T10:18:58 IST" skipped="2">
  <testcase classname="RestAssuredTest6.OwnAPITesting" name="deleteUser" time="6.671"/>
  <system-out/>
  <testcase classname="RestAssuredTest6.OwnAPITesting" name="readUserData" time="0.260"/>
  <system-out/>
  <testcase classname="RestAssuredTest6.OwnAPITesting" name="updateUser">
    <skipped/>
  </testcase> <!-- updateUser -->
  <system-out/>
  <testcase classname="RestAssuredTest6.OwnAPITesting" name="createUser">
    <skipped/>
  </testcase> <!-- createUser -->
  <system-out/>
</testsuite> <!-- RestAssuredTest6.OwnAPITesting -->
