<?xml version="1.0" encoding="UTF-8"?>
<!-- Generated by org.testng.reporters.JUnitReportReporter -->
<testsuite hostname="DESKTOP-TAPJUMM" failures="0" tests="1" name="RestAssuredTest.Patch_Test" time="10.501" errors="0" timestamp="2023-03-05T16:59:14 IST" skipped="0">
  <testcase classname="RestAssuredTest.Patch_Test" name="testpost" time="10.501"/>
  <system-out/>
</testsuite> <!-- RestAssuredTest.Patch_Test -->
