<?xml version="1.0" encoding="UTF-8"?>
<!-- Generated by org.testng.reporters.JUnitReportReporter -->
<testsuite hostname="DESKTOP-TAPJUMM" failures="0" tests="2" name="RestAssuredTest6.FileUpload" time="13.033" errors="0" timestamp="2023-03-20T18:46:06 IST" skipped="1">
  <testcase classname="RestAssuredTest6.FileUpload" name="uploadImage" time="13.033"/>
  <system-out/>
  <testcase classname="RestAssuredTest6.FileUpload" name="uploadFile">
    <skipped/>
  </testcase> <!-- uploadFile -->
  <system-out/>
</testsuite> <!-- RestAssuredTest6.FileUpload -->
