<?xml version="1.0" encoding="UTF-8"?>
<!-- Generated by org.testng.reporters.JUnitReportReporter -->
<testsuite hostname="DESKTOP-TAPJUMM" failures="0" tests="2" name="RestAssuredTest5.JsonArray" time="31.771" errors="0" timestamp="2023-03-20T16:15:01 IST" skipped="1">
  <testcase classname="RestAssuredTest5.JsonArray" name="createJsonArrayUsingList" time="31.771"/>
  <system-out/>
  <testcase classname="RestAssuredTest5.JsonArray" name="createUserUsingJsonArray">
    <skipped/>
  </testcase> <!-- createUserUsingJsonArray -->
  <system-out/>
</testsuite> <!-- RestAssuredTest5.JsonArray -->
