<?xml version="1.0" encoding="UTF-8"?>
<!-- Generated by org.testng.reporters.JUnitReportReporter -->
<testsuite hostname="DESKTOP-TAPJUMM" failures="0" tests="1" name="RestAssuredTest6.JSONObjectUsingJaksonAPI" time="15.322" errors="0" timestamp="2023-03-20T18:10:25 IST" skipped="0">
  <testcase classname="RestAssuredTest6.JSONObjectUsingJaksonAPI" name="CreteUser" time="15.322"/>
  <system-out/>
</testsuite> <!-- RestAssuredTest6.JSONObjectUsingJaksonAPI -->
