<?xml version="1.0" encoding="UTF-8"?>
<!-- Generated by org.testng.reporters.JUnitReportReporter -->
<testsuite hostname="DESKTOP-TAPJUMM" failures="0" tests="1" name="RestAssuredTest4.API_Key_Authentication" time="12.199" errors="0" timestamp="2023-03-13T15:15:34 IST" skipped="0">
  <testcase classname="RestAssuredTest4.API_Key_Authentication" name="GetWeatherDataByCity" time="12.199"/>
  <system-out/>
</testsuite> <!-- RestAssuredTest4.API_Key_Authentication -->
