<?xml version="1.0" encoding="UTF-8"?>
<!-- Generated by org.testng.reporters.JUnitReportReporter -->
<testsuite hostname="DESKTOP-TAPJUMM" failures="0" tests="1" name="RestAssuredTest.Get_Request_01" time="15.384" errors="0" timestamp="2023-03-05T15:57:05 IST" skipped="0">
  <testcase classname="RestAssuredTest.Get_Request_01" name="Fetch_a_single_post_id_1" time="15.384"/>
  <system-out/>
</testsuite> <!-- RestAssuredTest.Get_Request_01 -->
