<?xml version="1.0" encoding="UTF-8"?>
<!-- Generated by org.testng.reporters.JUnitReportReporter -->
<testsuite hostname="DESKTOP-TAPJUMM" failures="0" tests="1" name="RestAssuredTest4.Bearer_Token_Authentication" time="16.327" errors="0" timestamp="2023-03-13T13:15:26 IST" skipped="0">
  <testcase classname="RestAssuredTest4.Bearer_Token_Authentication" name="BearerToken" time="16.327"/>
  <system-out/>
</testsuite> <!-- RestAssuredTest4.Bearer_Token_Authentication -->
