<?xml version="1.0" encoding="UTF-8"?>
<!-- Generated by org.testng.reporters.JUnitReportReporter -->
<testsuite hostname="DESKTOP-TAPJUMM" failures="0" tests="1" name="RestAssuredTest5.Deserialization" time="14.320" errors="0" timestamp="2023-03-15T14:33:31 IST" skipped="0">
  <testcase classname="RestAssuredTest5.Deserialization" name="createUser" time="14.320"/>
  <system-out/>
</testsuite> <!-- RestAssuredTest5.Deserialization -->
