<?xml version="1.0" encoding="UTF-8"?>
<!-- Generated by org.testng.reporters.JUnitReportReporter -->
<testsuite hostname="DESKTOP-TAPJUMM" failures="0" tests="5" name="RestAssuredTest3.Basic_Validations_JSON" time="18.351" errors="0" timestamp="2023-03-08T14:53:03 IST" skipped="0">
  <testcase classname="RestAssuredTest3.Basic_Validations_JSON" name="testStatusCode" time="11.273"/>
  <system-out/>
  <testcase classname="RestAssuredTest3.Basic_Validations_JSON" name="testLogging" time="1.125"/>
  <system-out/>
  <testcase classname="RestAssuredTest3.Basic_Validations_JSON" name="testingSingleContent" time="4.725"/>
  <system-out/>
  <testcase classname="RestAssuredTest3.Basic_Validations_JSON" name="testingMultipleContent" time="0.618"/>
  <system-out/>
  <testcase classname="RestAssuredTest3.Basic_Validations_JSON" name="testParamsAndHeaders" time="0.610"/>
  <system-out/>
</testsuite> <!-- RestAssuredTest3.Basic_Validations_JSON -->
