<?xml version="1.0" encoding="UTF-8"?>
<!-- Generated by org.testng.reporters.JUnitReportReporter -->
<testsuite hostname="DESKTOP-TAPJUMM" failures="0" tests="1" name="RestAssuredTest1.Test_PostMethod" time="13.732" errors="0" timestamp="2023-03-11T11:21:56 IST" skipped="0">
  <testcase classname="RestAssuredTest1.Test_PostMethod" name="testpost" time="13.732"/>
  <system-out/>
</testsuite> <!-- RestAssuredTest1.Test_PostMethod -->
