<?xml version="1.0" encoding="UTF-8"?>
<!-- Generated by org.testng.reporters.JUnitReportReporter -->
<testsuite hostname="DESKTOP-TAPJUMM" failures="0" tests="5" name="RestAssuredTest3.Basic_Validation_XML" time="17.581" errors="0" timestamp="2023-03-08T14:54:18 IST" skipped="0">
  <testcase classname="RestAssuredTest3.Basic_Validation_XML" name="testingSingleContent" time="13.640"/>
  <system-out/>
  <testcase classname="RestAssuredTest3.Basic_Validation_XML" name="testingMultipleContents" time="1.464"/>
  <system-out/>
  <testcase classname="RestAssuredTest3.Basic_Validation_XML" name="testingMultipleContentsInOneGo" time="0.729"/>
  <system-out/>
  <testcase classname="RestAssuredTest3.Basic_Validation_XML" name="testUsingXPath1" time="1.054"/>
  <system-out/>
  <testcase classname="RestAssuredTest3.Basic_Validation_XML" name="testUsingXPath2" time="0.694"/>
  <system-out/>
</testsuite> <!-- RestAssuredTest3.Basic_Validation_XML -->
