<?xml version="1.0" encoding="UTF-8"?>
<!-- Generated by org.testng.reporters.JUnitReportReporter -->
<testsuite hostname="DESKTOP-TAPJUMM" failures="0" tests="1" name="RestAssuredTest.Create_new_post" time="11.496" errors="0" timestamp="2023-03-05T16:49:14 IST" skipped="0">
  <testcase classname="RestAssuredTest.Create_new_post" name="testpost" time="11.496"/>
  <system-out/>
</testsuite> <!-- RestAssuredTest.Create_new_post -->
