<?xml version="1.0" encoding="UTF-8"?>
<!-- Generated by org.testng.reporters.JUnitReportReporter -->
<testsuite hostname="DESKTOP-TAPJUMM" failures="0" tests="1" name="RestAssuredTest.Delete_Post" time="13.924" errors="0" timestamp="2023-03-05T17:08:58 IST" skipped="0">
  <testcase classname="RestAssuredTest.Delete_Post" name="deletepost" time="13.924"/>
  <system-out/>
</testsuite> <!-- RestAssuredTest.Delete_Post -->
