<?xml version="1.0" encoding="UTF-8"?>
<!-- Generated by org.testng.reporters.JUnitReportReporter -->
<testsuite hostname="DESKTOP-TAPJUMM" failures="0" tests="3" name="RestAssuredTest4.Basic_Auth" time="15.305" errors="0" timestamp="2023-03-13T12:28:45 IST" skipped="0">
  <testcase classname="RestAssuredTest4.Basic_Auth" name="NonPreemptiveBasicAuth" time="11.696"/>
  <system-out/>
  <testcase classname="RestAssuredTest4.Basic_Auth" name="PreemptiveBasicAuth" time="1.758"/>
  <system-out/>
  <testcase classname="RestAssuredTest4.Basic_Auth" name="DigestAuth" time="1.851"/>
  <system-out/>
</testsuite> <!-- RestAssuredTest4.Basic_Auth -->
