<?xml version="1.0" encoding="UTF-8"?>
<!-- Generated by org.testng.reporters.JUnitReportReporter -->
<testsuite hostname="DESKTOP-TAPJUMM" failures="0" tests="1" name="RestAssuredTest5.QueryRequestSpecification" time="3.729" errors="0" timestamp="2023-03-20T10:53:40 IST" skipped="0">
  <testcase classname="RestAssuredTest5.QueryRequestSpecification" name="createUser" time="3.729"/>
  <system-out/>
</testsuite> <!-- RestAssuredTest5.QueryRequestSpecification -->
