<?xml version="1.0" encoding="UTF-8"?>
<!-- Generated by org.testng.reporters.JUnitReportReporter -->
<testsuite hostname="DESKTOP-TAPJUMM" failures="0" tests="2" name="RestAssuredTest4.OAuth_2" time="17.981" errors="0" timestamp="2023-03-15T12:49:49 IST" skipped="0">
  <testcase classname="RestAssuredTest4.OAuth_2" name="GetAccessToken" time="15.612"/>
  <system-out/>
  <testcase classname="RestAssuredTest4.OAuth_2" name="ListInvoice" time="2.369"/>
  <system-out/>
</testsuite> <!-- RestAssuredTest4.OAuth_2 -->
