<?xml version="1.0" encoding="UTF-8"?>
<!-- Generated by org.testng.reporters.JUnitReportReporter -->
<testsuite hostname="DESKTOP-TAPJUMM" failures="0" tests="1" name="RestAssuredTest4.Digest_Auth" time="13.555" errors="0" timestamp="2023-03-13T12:36:42 IST" skipped="0">
  <testcase classname="RestAssuredTest4.Digest_Auth" name="DigestAuth" time="13.555"/>
  <system-out/>
</testsuite> <!-- RestAssuredTest4.Digest_Auth -->
